Using pre-set license
Built from '2020.3/staging' branch; Version is '2020.3.0f1 (c7b5465681fb) revision 13088070'; Using compiler version '192528614'; Build Type 'Release'
OS: 'Windows 10 Pro; OS build 19043.1466; Version 2009; 64bit' Language: 'en' Physical Memory: 8084 MB
BatchMode: 1, IsHumanControllingUs: 0, StartBugReporterOnCrash: 0, Is64bit: 1, IsPro: 0

 COMMAND LINE ARGUMENTS:
C:\Program Files\Unity\Hub\Editor\2020.3.0f1\Editor\Unity.exe
-adb2
-batchMode
-noUpm
-name
AssetImportWorker0
-projectPath
C:/TestNethereum
-logFile
Logs/AssetImportWorker0.log
-srvPort
52045
Successfully changed project path to: C:/TestNethereum
C:/TestNethereum
Using Asset Import Pipeline V2.
Refreshing native plugins compatible for Editor in 41.53 ms, found 1 plugins.
Preloading 0 native plugins for Editor in 0.00 ms.
Initialize engine version: 2020.3.0f1 (c7b5465681fb)
[Subsystems] Discovering subsystems at path C:/Program Files/Unity/Hub/Editor/2020.3.0f1/Editor/Data/Resources/UnitySubsystems
[Subsystems] Discovering subsystems at path C:/TestNethereum/Assets
GfxDevice: creating device client; threaded=0
Direct3D:
    Version:  Direct3D 11.0 [level 11.1]
    Renderer: NVIDIA GeForce GTX 1050 (ID=0x1c8d)
    Vendor:   
    VRAM:     4019 MB
    Driver:   26.21.14.4259
Initialize mono
Mono path[0] = 'C:/Program Files/Unity/Hub/Editor/2020.3.0f1/Editor/Data/Managed'
Mono path[1] = 'C:/Program Files/Unity/Hub/Editor/2020.3.0f1/Editor/Data/MonoBleedingEdge/lib/mono/unityjit'
Mono config path = 'C:/Program Files/Unity/Hub/Editor/2020.3.0f1/Editor/Data/MonoBleedingEdge/etc'
Using monoOptions --debugger-agent=transport=dt_socket,embedding=1,server=y,suspend=n,address=127.0.0.1:56328
Begin MonoManager ReloadAssembly
Registering precompiled unity dll's ...
Register platform support module: C:/Program Files/Unity/Hub/Editor/2020.3.0f1/Editor/Data/PlaybackEngines/WebGLSupport/UnityEditor.WebGL.Extensions.dll
Register platform support module: C:/Program Files/Unity/Hub/Editor/2020.3.0f1/Editor/Data/PlaybackEngines/MacStandaloneSupport/UnityEditor.OSXStandalone.Extensions.dll
Register platform support module: C:/Program Files/Unity/Hub/Editor/2020.3.0f1/Editor/Data/PlaybackEngines/WindowsStandaloneSupport/UnityEditor.WindowsStandalone.Extensions.dll
Registered in 0.002905 seconds.
Native extension for WindowsStandalone target not found
Native extension for OSXStandalone target not found
Native extension for WebGL target not found
Refreshing native plugins compatible for Editor in 32.68 ms, found 1 plugins.
Preloading 0 native plugins for Editor in 0.00 ms.
Invoked RoslynAnalysisRunner static constructor.
RoslynAnalysisRunner will not be running.
RoslynAnalysisRunner has terminated.
Mono: successfully reloaded assembly
- Completed reload, in  2.307 seconds
Platform modules already initialized, skipping
Registering precompiled user dll's ...
Registered in 0.017748 seconds.
Begin MonoManager ReloadAssembly
Native extension for WindowsStandalone target not found
Native extension for OSXStandalone target not found
Native extension for WebGL target not found
Refreshing native plugins compatible for Editor in 33.53 ms, found 1 plugins.
Preloading 0 native plugins for Editor in 0.00 ms.
Invoked RoslynAnalysisRunner static constructor.
RoslynAnalysisRunner will not be running.
RoslynAnalysisRunner has terminated.
Mono: successfully reloaded assembly
- Completed reload, in  1.035 seconds
Platform modules already initialized, skipping
========================================================================
Worker process is ready to serve import requests
Launched and connected shader compiler UnityShaderCompiler.exe after 0.04 seconds
Refreshing native plugins compatible for Editor in 0.52 ms, found 1 plugins.
Preloading 0 native plugins for Editor in 0.00 ms.
Unloading 1844 Unused Serialized files (Serialized files now loaded: 0)
System memory in use before: 86.5 MB.
System memory in use after: 86.4 MB.

Unloading 60 unused Assets to reduce memory usage. Loaded Objects now: 2250.
Total: 2.030200 ms (FindLiveObjects: 0.214100 ms CreateObjectMapping: 0.114900 ms MarkObjects: 1.577100 ms  DeleteObjects: 0.123000 ms)

========================================================================
Received Import Request.
  path: Assets/web3-webgl-template-main/Web3Template/TemplateData/progressEmpty.Dark.png
  artifactKey: Guid(61d45c5096123d14da4307d78511fc53) Importer(815301076,1909f56bfc062723c751e8b465ee728b)
Start importing Assets/web3-webgl-template-main/Web3Template/TemplateData/progressEmpty.Dark.png using Guid(61d45c5096123d14da4307d78511fc53) Importer(815301076,1909f56bfc062723c751e8b465ee728b)  -> (artifact id: 'a31b276b5f55395a16e9de933c5edf05') in 0.144157 seconds
  Import took 0.147015 seconds .

========================================================================
Received Import Request.
  Time since last request: 0.000312 seconds.
  path: Assets/web3-webgl-template-main/Web3Template/TemplateData/progressLogo.Dark.png
  artifactKey: Guid(9f239d114babdb749a799653651d1764) Importer(815301076,1909f56bfc062723c751e8b465ee728b)
Start importing Assets/web3-webgl-template-main/Web3Template/TemplateData/progressLogo.Dark.png using Guid(9f239d114babdb749a799653651d1764) Importer(815301076,1909f56bfc062723c751e8b465ee728b)  -> (artifact id: '2f927055386b75886fde5d85da94fbee') in 0.017669 seconds
  Import took 0.022393 seconds .

========================================================================
Received Import Request.
  Time since last request: 0.000359 seconds.
  path: Assets/web3-webgl-template-main/Web3Template/TemplateData
  artifactKey: Guid(8d5f2e7ce27840d4da06d0d082e0f295) Importer(815301076,1909f56bfc062723c751e8b465ee728b)
Start importing Assets/web3-webgl-template-main/Web3Template/TemplateData using Guid(8d5f2e7ce27840d4da06d0d082e0f295) Importer(815301076,1909f56bfc062723c751e8b465ee728b)  -> (artifact id: 'cc5b2dc9733e9d763f8ce5f4bf3040cc') in 0.007310 seconds
  Import took 0.011477 seconds .

========================================================================
Received Import Request.
  Time since last request: 0.000290 seconds.
  path: Assets/web3-webgl-template-main/Web3Template
  artifactKey: Guid(9c6f1d396c1c39843a645594fab2d73b) Importer(815301076,1909f56bfc062723c751e8b465ee728b)
Start importing Assets/web3-webgl-template-main/Web3Template using Guid(9c6f1d396c1c39843a645594fab2d73b) Importer(815301076,1909f56bfc062723c751e8b465ee728b)  -> (artifact id: 'b9a5b82a1832d23e97db11c2fc2a2d68') in 0.008033 seconds
  Import took 0.012511 seconds .

========================================================================
Received Import Request.
  Time since last request: 0.000258 seconds.
  path: Assets/web3-webgl-template-main/Web3Template/TemplateData/progressFull.Dark.png
  artifactKey: Guid(ee4f552a0c6981d4eab9ed40cae1bc8e) Importer(815301076,1909f56bfc062723c751e8b465ee728b)
Start importing Assets/web3-webgl-template-main/Web3Template/TemplateData/progressFull.Dark.png using Guid(ee4f552a0c6981d4eab9ed40cae1bc8e) Importer(815301076,1909f56bfc062723c751e8b465ee728b)  -> (artifact id: '7957851b3704ea1edc6eff983b6026f4') in 0.015027 seconds
  Import took 0.018547 seconds .

========================================================================
Received Import Request.
  Time since last request: 0.000356 seconds.
  path: Assets/web3-webgl-template-main/Web3Template/TemplateData/progressLogo.Light.png
  artifactKey: Guid(46e5cfd13fab83e4088f726cffe7891b) Importer(815301076,1909f56bfc062723c751e8b465ee728b)
Start importing Assets/web3-webgl-template-main/Web3Template/TemplateData/progressLogo.Light.png using Guid(46e5cfd13fab83e4088f726cffe7891b) Importer(815301076,1909f56bfc062723c751e8b465ee728b)  -> (artifact id: 'd14c7df98d269988988576dab5fdc2af') in 0.018162 seconds
  Import took 0.021515 seconds .

========================================================================
Received Import Request.
  Time since last request: 0.000305 seconds.
  path: Assets/web3-webgl-template-main/Web3Template/TemplateData/webgl-logo.png
  artifactKey: Guid(de77baf85e2c53d4fba29a315ce4b64d) Importer(815301076,1909f56bfc062723c751e8b465ee728b)
Start importing Assets/web3-webgl-template-main/Web3Template/TemplateData/webgl-logo.png using Guid(de77baf85e2c53d4fba29a315ce4b64d) Importer(815301076,1909f56bfc062723c751e8b465ee728b)  -> (artifact id: 'f59af90622690d93244504ff164b7267') in 0.016847 seconds
  Import took 0.023452 seconds .

========================================================================
Received Import Request.
  Time since last request: 0.000558 seconds.
  path: Assets/web3-webgl-template-main/Web3Template/TemplateData/progressFull.Light.png
  artifactKey: Guid(08bad53aac769dc49bf2070f6e6c0a07) Importer(815301076,1909f56bfc062723c751e8b465ee728b)
Start importing Assets/web3-webgl-template-main/Web3Template/TemplateData/progressFull.Light.png using Guid(08bad53aac769dc49bf2070f6e6c0a07) Importer(815301076,1909f56bfc062723c751e8b465ee728b)  -> (artifact id: 'ffaa990d498a1b130a578c2aa7f3f0b5') in 0.010702 seconds
  Import took 0.015979 seconds .

========================================================================
Received Import Request.
  Time since last request: 0.001348 seconds.
  path: Assets/web3-webgl-template-main/Web3Template/TemplateData/fullscreen.png
  artifactKey: Guid(3fff7233d2dc81e4c9c71aacf51e3d91) Importer(815301076,1909f56bfc062723c751e8b465ee728b)
Start importing Assets/web3-webgl-template-main/Web3Template/TemplateData/fullscreen.png using Guid(3fff7233d2dc81e4c9c71aacf51e3d91) Importer(815301076,1909f56bfc062723c751e8b465ee728b)  -> (artifact id: '0aae234bbccff3318780257ee1abf9df') in 0.017610 seconds
  Import took 0.022333 seconds .

========================================================================
Received Import Request.
  Time since last request: 0.000385 seconds.
  path: Assets/web3-webgl-template-main
  artifactKey: Guid(22d595862241aff4fa2ea37f2c7b4e33) Importer(815301076,1909f56bfc062723c751e8b465ee728b)
Start importing Assets/web3-webgl-template-main using Guid(22d595862241aff4fa2ea37f2c7b4e33) Importer(815301076,1909f56bfc062723c751e8b465ee728b)  -> (artifact id: '178ad9e93861e56977572570bc63a939') in 0.008996 seconds
  Import took 0.012396 seconds .

========================================================================
Received Import Request.
  Time since last request: 0.000311 seconds.
  path: Assets/web3-webgl-template-main/Web3Template/TemplateData/progressEmpty.Light.png
  artifactKey: Guid(490c4cd746d1c684b9bc3bb10ddad3b3) Importer(815301076,1909f56bfc062723c751e8b465ee728b)
Start importing Assets/web3-webgl-template-main/Web3Template/TemplateData/progressEmpty.Light.png using Guid(490c4cd746d1c684b9bc3bb10ddad3b3) Importer(815301076,1909f56bfc062723c751e8b465ee728b)  -> (artifact id: '11850acfef979bfbf23f2f95a96f9f25') in 0.016184 seconds
  Import took 0.018889 seconds .

========================================================================
Received Import Request.
  Time since last request: 21.335613 seconds.
  path: Assets/MetaMask.cs
  artifactKey: Guid(2dcbc7389591dec49a337c357b232ad5) Importer(815301076,1909f56bfc062723c751e8b465ee728b)
Start importing Assets/MetaMask.cs using Guid(2dcbc7389591dec49a337c357b232ad5) Importer(815301076,1909f56bfc062723c751e8b465ee728b)  -> (artifact id: '062b7b83c3c2402b1c376bca1eeb0964') in 0.015943 seconds
  Import took 0.020515 seconds .

========================================================================
Received Prepare
Registering precompiled user dll's ...
Registered in 0.016111 seconds.
Begin MonoManager ReloadAssembly
Native extension for WindowsStandalone target not found
Native extension for OSXStandalone target not found
Native extension for WebGL target not found
Refreshing native plugins compatible for Editor in 0.51 ms, found 1 plugins.
Preloading 0 native plugins for Editor in 0.00 ms.
Invoked RoslynAnalysisRunner static constructor.
RoslynAnalysisRunner will not be running.
RoslynAnalysisRunner has terminated.
Mono: successfully reloaded assembly
- Completed reload, in  0.992 seconds
Platform modules already initialized, skipping
Refreshing native plugins compatible for Editor in 0.50 ms, found 1 plugins.
Preloading 0 native plugins for Editor in 0.00 ms.
Unloading 1840 Unused Serialized files (Serialized files now loaded: 0)
System memory in use before: 89.6 MB.
System memory in use after: 89.6 MB.

Unloading 48 unused Assets to reduce memory usage. Loaded Objects now: 2267.
Total: 2.093500 ms (FindLiveObjects: 0.200900 ms CreateObjectMapping: 0.095500 ms MarkObjects: 1.681100 ms  DeleteObjects: 0.114900 ms)

========================================================================
Received Prepare
Registering precompiled user dll's ...
Registered in 0.020648 seconds.
Begin MonoManager ReloadAssembly
Native extension for WindowsStandalone target not found
Native extension for OSXStandalone target not found
Native extension for WebGL target not found
Refreshing native plugins compatible for Editor in 0.50 ms, found 1 plugins.
Preloading 0 native plugins for Editor in 0.00 ms.
Invoked RoslynAnalysisRunner static constructor.
RoslynAnalysisRunner will not be running.
RoslynAnalysisRunner has terminated.
Mono: successfully reloaded assembly
- Completed reload, in  1.023 seconds
Platform modules already initialized, skipping
Refreshing native plugins compatible for Editor in 0.70 ms, found 1 plugins.
Preloading 0 native plugins for Editor in 0.00 ms.
Unloading 1840 Unused Serialized files (Serialized files now loaded: 0)
System memory in use before: 89.6 MB.
System memory in use after: 89.6 MB.

Unloading 48 unused Assets to reduce memory usage. Loaded Objects now: 2271.
Total: 2.420900 ms (FindLiveObjects: 0.280900 ms CreateObjectMapping: 0.166300 ms MarkObjects: 1.832100 ms  DeleteObjects: 0.140700 ms)

========================================================================
Received Import Request.
  Time since last request: 95.722941 seconds.
  path: Assets/MetaMask.cs
  artifactKey: Guid(2dcbc7389591dec49a337c357b232ad5) Importer(815301076,1909f56bfc062723c751e8b465ee728b)
Start importing Assets/MetaMask.cs using Guid(2dcbc7389591dec49a337c357b232ad5) Importer(815301076,1909f56bfc062723c751e8b465ee728b)  -> (artifact id: '9a29f3f80c0dfdcacc2c86a8fb9c6f10') in 0.004840 seconds
  Import took 0.007597 seconds .

========================================================================
Received Import Request.
  Time since last request: 2.017425 seconds.
  path: Assets/web3-webgl-template-main/Web3Template/index.html
  artifactKey: Guid(daec2fd5d246cf64eab97504d4729f58) Importer(815301076,1909f56bfc062723c751e8b465ee728b)
Start importing Assets/web3-webgl-template-main/Web3Template/index.html using Guid(daec2fd5d246cf64eab97504d4729f58) Importer(815301076,1909f56bfc062723c751e8b465ee728b)  -> (artifact id: '0e443218ca30db808ea543cfde6ced62') in 0.018941 seconds
  Import took 0.022040 seconds .

========================================================================
Received Import Request.
  Time since last request: 0.016899 seconds.
  path: Assets/web3-webgl-template-main/Web3Template/index.html
  artifactKey: Guid(daec2fd5d246cf64eab97504d4729f58) Importer(815301076,1909f56bfc062723c751e8b465ee728b)
Start importing Assets/web3-webgl-template-main/Web3Template/index.html using Guid(daec2fd5d246cf64eab97504d4729f58) Importer(815301076,1909f56bfc062723c751e8b465ee728b)  -> (artifact id: '0e443218ca30db808ea543cfde6ced62') in 0.003690 seconds
  Import took 0.007389 seconds .

========================================================================
Received Prepare
Registering precompiled user dll's ...
Registered in 0.022078 seconds.
Begin MonoManager ReloadAssembly
Native extension for WindowsStandalone target not found
Native extension for OSXStandalone target not found
Native extension for WebGL target not found
Refreshing native plugins compatible for Editor in 0.51 ms, found 1 plugins.
Preloading 0 native plugins for Editor in 0.00 ms.
Invoked RoslynAnalysisRunner static constructor.
RoslynAnalysisRunner will not be running.
RoslynAnalysisRunner has terminated.
Mono: successfully reloaded assembly
- Completed reload, in  1.032 seconds
Platform modules already initialized, skipping
Refreshing native plugins compatible for Editor in 0.48 ms, found 1 plugins.
Preloading 0 native plugins for Editor in 0.00 ms.
Unloading 1840 Unused Serialized files (Serialized files now loaded: 0)
System memory in use before: 89.6 MB.
System memory in use after: 89.6 MB.

Unloading 48 unused Assets to reduce memory usage. Loaded Objects now: 2275.
Total: 2.985700 ms (FindLiveObjects: 0.354900 ms CreateObjectMapping: 0.172700 ms MarkObjects: 2.289200 ms  DeleteObjects: 0.167600 ms)

========================================================================
Received Prepare
Registering precompiled user dll's ...
Registered in 0.017495 seconds.
Begin MonoManager ReloadAssembly
Native extension for WindowsStandalone target not found
Native extension for OSXStandalone target not found
Native extension for WebGL target not found
Refreshing native plugins compatible for Editor in 0.52 ms, found 1 plugins.
Preloading 0 native plugins for Editor in 0.00 ms.
Invoked RoslynAnalysisRunner static constructor.
RoslynAnalysisRunner will not be running.
RoslynAnalysisRunner has terminated.
Mono: successfully reloaded assembly
- Completed reload, in  1.049 seconds
Platform modules already initialized, skipping
Refreshing native plugins compatible for Editor in 0.49 ms, found 1 plugins.
Preloading 0 native plugins for Editor in 0.00 ms.
Unloading 1840 Unused Serialized files (Serialized files now loaded: 0)
System memory in use before: 89.7 MB.
System memory in use after: 89.7 MB.

Unloading 48 unused Assets to reduce memory usage. Loaded Objects now: 2279.
Total: 2.344700 ms (FindLiveObjects: 0.270500 ms CreateObjectMapping: 0.093200 ms MarkObjects: 1.823400 ms  DeleteObjects: 0.156300 ms)

========================================================================
Received Prepare
Registering precompiled user dll's ...
Registered in 0.018713 seconds.
Begin MonoManager ReloadAssembly
Native extension for WindowsStandalone target not found
Native extension for OSXStandalone target not found
Native extension for WebGL target not found
Refreshing native plugins compatible for Editor in 0.60 ms, found 1 plugins.
Preloading 0 native plugins for Editor in 0.00 ms.
Invoked RoslynAnalysisRunner static constructor.
RoslynAnalysisRunner will not be running.
RoslynAnalysisRunner has terminated.
Mono: successfully reloaded assembly
- Completed reload, in  0.996 seconds
Platform modules already initialized, skipping
Refreshing native plugins compatible for Editor in 0.48 ms, found 1 plugins.
Preloading 0 native plugins for Editor in 0.00 ms.
Unloading 1840 Unused Serialized files (Serialized files now loaded: 0)
System memory in use before: 89.7 MB.
System memory in use after: 89.7 MB.

Unloading 48 unused Assets to reduce memory usage. Loaded Objects now: 2283.
Total: 2.316300 ms (FindLiveObjects: 0.279500 ms CreateObjectMapping: 0.071400 ms MarkObjects: 1.811200 ms  DeleteObjects: 0.153200 ms)

========================================================================
Received Prepare
Registering precompiled user dll's ...
Registered in 0.018547 seconds.
Begin MonoManager ReloadAssembly
Native extension for WindowsStandalone target not found
Native extension for OSXStandalone target not found
Native extension for WebGL target not found
Refreshing native plugins compatible for Editor in 0.54 ms, found 1 plugins.
Preloading 0 native plugins for Editor in 0.00 ms.
Invoked RoslynAnalysisRunner static constructor.
RoslynAnalysisRunner will not be running.
RoslynAnalysisRunner has terminated.
Mono: successfully reloaded assembly
- Completed reload, in  1.000 seconds
Platform modules already initialized, skipping
Refreshing native plugins compatible for Editor in 0.64 ms, found 1 plugins.
Preloading 0 native plugins for Editor in 0.00 ms.
Unloading 1840 Unused Serialized files (Serialized files now loaded: 0)
System memory in use before: 89.7 MB.
System memory in use after: 89.7 MB.

Unloading 48 unused Assets to reduce memory usage. Loaded Objects now: 2287.
Total: 2.625700 ms (FindLiveObjects: 0.334400 ms CreateObjectMapping: 0.080600 ms MarkObjects: 2.040900 ms  DeleteObjects: 0.168300 ms)

========================================================================
Received Prepare
Registering precompiled user dll's ...
Registered in 0.019181 seconds.
Begin MonoManager ReloadAssembly
Native extension for WindowsStandalone target not found
Native extension for OSXStandalone target not found
Native extension for WebGL target not found
Refreshing native plugins compatible for Editor in 0.53 ms, found 1 plugins.
Preloading 0 native plugins for Editor in 0.00 ms.
Invoked RoslynAnalysisRunner static constructor.
RoslynAnalysisRunner will not be running.
RoslynAnalysisRunner has terminated.
Mono: successfully reloaded assembly
- Completed reload, in  1.039 seconds
Platform modules already initialized, skipping
Refreshing native plugins compatible for Editor in 0.49 ms, found 1 plugins.
Preloading 0 native plugins for Editor in 0.00 ms.
Unloading 1840 Unused Serialized files (Serialized files now loaded: 0)
System memory in use before: 89.7 MB.
System memory in use after: 89.7 MB.

Unloading 48 unused Assets to reduce memory usage. Loaded Objects now: 2291.
Total: 2.492000 ms (FindLiveObjects: 0.334400 ms CreateObjectMapping: 0.094900 ms MarkObjects: 1.904700 ms  DeleteObjects: 0.157000 ms)

========================================================================
Received Prepare
Registering precompiled user dll's ...
Registered in 0.018291 seconds.
Begin MonoManager ReloadAssembly
Native extension for WindowsStandalone target not found
Native extension for OSXStandalone target not found
Native extension for WebGL target not found
Refreshing native plugins compatible for Editor in 0.49 ms, found 1 plugins.
Preloading 0 native plugins for Editor in 0.00 ms.
Invoked RoslynAnalysisRunner static constructor.
RoslynAnalysisRunner will not be running.
RoslynAnalysisRunner has terminated.
Mono: successfully reloaded assembly
- Completed reload, in  1.005 seconds
Platform modules already initialized, skipping
Refreshing native plugins compatible for Editor in 0.48 ms, found 1 plugins.
Preloading 0 native plugins for Editor in 0.00 ms.
Unloading 1840 Unused Serialized files (Serialized files now loaded: 0)
System memory in use before: 89.7 MB.
System memory in use after: 89.7 MB.

Unloading 48 unused Assets to reduce memory usage. Loaded Objects now: 2295.
Total: 2.020200 ms (FindLiveObjects: 0.191400 ms CreateObjectMapping: 0.075600 ms MarkObjects: 1.605900 ms  DeleteObjects: 0.146200 ms)

========================================================================
Received Prepare
Registering precompiled user dll's ...
Registered in 0.017427 seconds.
Begin MonoManager ReloadAssembly
Native extension for WindowsStandalone target not found
Native extension for OSXStandalone target not found
Native extension for WebGL target not found
Refreshing native plugins compatible for Editor in 0.50 ms, found 1 plugins.
Preloading 0 native plugins for Editor in 0.00 ms.
Invoked RoslynAnalysisRunner static constructor.
RoslynAnalysisRunner will not be running.
RoslynAnalysisRunner has terminated.
Mono: successfully reloaded assembly
- Completed reload, in  0.994 seconds
Platform modules already initialized, skipping
Refreshing native plugins compatible for Editor in 0.49 ms, found 1 plugins.
Preloading 0 native plugins for Editor in 0.00 ms.
Unloading 1840 Unused Serialized files (Serialized files now loaded: 0)
System memory in use before: 89.7 MB.
System memory in use after: 89.7 MB.

Unloading 48 unused Assets to reduce memory usage. Loaded Objects now: 2299.
Total: 2.595100 ms (FindLiveObjects: 0.369700 ms CreateObjectMapping: 0.160700 ms MarkObjects: 1.891200 ms  DeleteObjects: 0.172300 ms)

========================================================================
Received Prepare
Registering precompiled user dll's ...
Registered in 0.019793 seconds.
Begin MonoManager ReloadAssembly
Native extension for WindowsStandalone target not found
Native extension for OSXStandalone target not found
Native extension for WebGL target not found
Refreshing native plugins compatible for Editor in 0.49 ms, found 1 plugins.
Preloading 0 native plugins for Editor in 0.00 ms.
Invoked RoslynAnalysisRunner static constructor.
RoslynAnalysisRunner will not be running.
RoslynAnalysisRunner has terminated.
Mono: successfully reloaded assembly
- Completed reload, in  0.988 seconds
Platform modules already initialized, skipping
Refreshing native plugins compatible for Editor in 0.56 ms, found 1 plugins.
Preloading 0 native plugins for Editor in 0.00 ms.
Unloading 1840 Unused Serialized files (Serialized files now loaded: 0)
System memory in use before: 89.7 MB.
System memory in use after: 89.7 MB.

Unloading 48 unused Assets to reduce memory usage. Loaded Objects now: 2303.
Total: 2.201700 ms (FindLiveObjects: 0.219900 ms CreateObjectMapping: 0.079000 ms MarkObjects: 1.749200 ms  DeleteObjects: 0.152000 ms)

========================================================================
Received Prepare
Registering precompiled user dll's ...
Registered in 0.016681 seconds.
Begin MonoManager ReloadAssembly
Native extension for WindowsStandalone target not found
Native extension for OSXStandalone target not found
Native extension for WebGL target not found
Refreshing native plugins compatible for Editor in 0.53 ms, found 1 plugins.
Preloading 0 native plugins for Editor in 0.00 ms.
Invoked RoslynAnalysisRunner static constructor.
RoslynAnalysisRunner will not be running.
RoslynAnalysisRunner has terminated.
Mono: successfully reloaded assembly
- Completed reload, in  1.005 seconds
Platform modules already initialized, skipping
Refreshing native plugins compatible for Editor in 0.49 ms, found 1 plugins.
Preloading 0 native plugins for Editor in 0.00 ms.
Unloading 1840 Unused Serialized files (Serialized files now loaded: 0)
System memory in use before: 89.7 MB.
System memory in use after: 89.7 MB.

Unloading 48 unused Assets to reduce memory usage. Loaded Objects now: 2307.
Total: 2.497700 ms (FindLiveObjects: 0.492800 ms CreateObjectMapping: 0.093200 ms MarkObjects: 1.748900 ms  DeleteObjects: 0.160000 ms)

========================================================================
Received Prepare
Registering precompiled user dll's ...
Registered in 0.030909 seconds.
Begin MonoManager ReloadAssembly
Native extension for WindowsStandalone target not found
Native extension for OSXStandalone target not found
Native extension for WebGL target not found
Refreshing native plugins compatible for Editor in 0.83 ms, found 1 plugins.
Preloading 0 native plugins for Editor in 0.00 ms.
Invoked RoslynAnalysisRunner static constructor.
RoslynAnalysisRunner will not be running.
RoslynAnalysisRunner has terminated.
Mono: successfully reloaded assembly
- Completed reload, in  1.785 seconds
Platform modules already initialized, skipping
Refreshing native plugins compatible for Editor in 0.73 ms, found 1 plugins.
Preloading 0 native plugins for Editor in 0.00 ms.
Unloading 1840 Unused Serialized files (Serialized files now loaded: 0)
System memory in use before: 89.8 MB.
System memory in use after: 89.7 MB.

Unloading 48 unused Assets to reduce memory usage. Loaded Objects now: 2311.
Total: 4.226700 ms (FindLiveObjects: 0.999500 ms CreateObjectMapping: 0.247000 ms MarkObjects: 2.790400 ms  DeleteObjects: 0.187600 ms)

========================================================================
Received Prepare
Registering precompiled user dll's ...
Registered in 0.016715 seconds.
Begin MonoManager ReloadAssembly
Native extension for WindowsStandalone target not found
Native extension for OSXStandalone target not found
Native extension for WebGL target not found
Refreshing native plugins compatible for Editor in 0.50 ms, found 1 plugins.
Preloading 0 native plugins for Editor in 0.00 ms.
Invoked RoslynAnalysisRunner static constructor.
RoslynAnalysisRunner will not be running.
RoslynAnalysisRunner has terminated.
Mono: successfully reloaded assembly
- Completed reload, in  1.002 seconds
Platform modules already initialized, skipping
Refreshing native plugins compatible for Editor in 0.64 ms, found 1 plugins.
Preloading 0 native plugins for Editor in 0.00 ms.
Unloading 1840 Unused Serialized files (Serialized files now loaded: 0)
System memory in use before: 89.8 MB.
System memory in use after: 89.8 MB.

Unloading 48 unused Assets to reduce memory usage. Loaded Objects now: 2315.
Total: 2.202200 ms (FindLiveObjects: 0.170000 ms CreateObjectMapping: 0.060200 ms MarkObjects: 1.857700 ms  DeleteObjects: 0.113300 ms)

========================================================================
Received Prepare
Registering precompiled user dll's ...
Registered in 0.017231 seconds.
Begin MonoManager ReloadAssembly
Native extension for WindowsStandalone target not found
Native extension for OSXStandalone target not found
Native extension for WebGL target not found
Refreshing native plugins compatible for Editor in 0.55 ms, found 1 plugins.
Preloading 0 native plugins for Editor in 0.00 ms.
Invoked RoslynAnalysisRunner static constructor.
RoslynAnalysisRunner will not be running.
RoslynAnalysisRunner has terminated.
Mono: successfully reloaded assembly
- Completed reload, in  0.973 seconds
Platform modules already initialized, skipping
Refreshing native plugins compatible for Editor in 0.51 ms, found 1 plugins.
Preloading 0 native plugins for Editor in 0.00 ms.
Unloading 1840 Unused Serialized files (Serialized files now loaded: 0)
System memory in use before: 89.8 MB.
System memory in use after: 89.8 MB.

Unloading 48 unused Assets to reduce memory usage. Loaded Objects now: 2319.
Total: 2.308400 ms (FindLiveObjects: 0.220400 ms CreateObjectMapping: 0.096400 ms MarkObjects: 1.863700 ms  DeleteObjects: 0.126800 ms)

========================================================================
Received Prepare
Registering precompiled user dll's ...
Registered in 0.017038 seconds.
Begin MonoManager ReloadAssembly
Native extension for WindowsStandalone target not found
Native extension for OSXStandalone target not found
Native extension for WebGL target not found
Refreshing native plugins compatible for Editor in 0.51 ms, found 1 plugins.
Preloading 0 native plugins for Editor in 0.00 ms.
Invoked RoslynAnalysisRunner static constructor.
RoslynAnalysisRunner will not be running.
RoslynAnalysisRunner has terminated.
Mono: successfully reloaded assembly
- Completed reload, in  1.005 seconds
Platform modules already initialized, skipping
Refreshing native plugins compatible for Editor in 0.50 ms, found 1 plugins.
Preloading 0 native plugins for Editor in 0.00 ms.
Unloading 1840 Unused Serialized files (Serialized files now loaded: 0)
System memory in use before: 89.8 MB.
System memory in use after: 89.8 MB.

Unloading 48 unused Assets to reduce memory usage. Loaded Objects now: 2323.
Total: 2.332800 ms (FindLiveObjects: 0.256100 ms CreateObjectMapping: 0.079800 ms MarkObjects: 1.842000 ms  DeleteObjects: 0.154100 ms)

========================================================================
Received Prepare
Registering precompiled user dll's ...
Registered in 0.017045 seconds.
Begin MonoManager ReloadAssembly
Native extension for WindowsStandalone target not found
Native extension for OSXStandalone target not found
Native extension for WebGL target not found
Refreshing native plugins compatible for Editor in 0.64 ms, found 1 plugins.
Preloading 0 native plugins for Editor in 0.00 ms.
Invoked RoslynAnalysisRunner static constructor.
RoslynAnalysisRunner will not be running.
RoslynAnalysisRunner has terminated.
Mono: successfully reloaded assembly
- Completed reload, in  1.002 seconds
Platform modules already initialized, skipping
Refreshing native plugins compatible for Editor in 0.53 ms, found 1 plugins.
Preloading 0 native plugins for Editor in 0.00 ms.
Unloading 1840 Unused Serialized files (Serialized files now loaded: 0)
System memory in use before: 89.8 MB.
System memory in use after: 89.8 MB.

Unloading 48 unused Assets to reduce memory usage. Loaded Objects now: 2327.
Total: 2.296800 ms (FindLiveObjects: 0.385700 ms CreateObjectMapping: 0.199100 ms MarkObjects: 1.552100 ms  DeleteObjects: 0.157600 ms)

========================================================================
Received Prepare
Registering precompiled user dll's ...
Registered in 0.019229 seconds.
Begin MonoManager ReloadAssembly
Native extension for WindowsStandalone target not found
Native extension for OSXStandalone target not found
Native extension for WebGL target not found
Refreshing native plugins compatible for Editor in 0.50 ms, found 1 plugins.
Preloading 0 native plugins for Editor in 0.00 ms.
Invoked RoslynAnalysisRunner static constructor.
RoslynAnalysisRunner will not be running.
RoslynAnalysisRunner has terminated.
Mono: successfully reloaded assembly
- Completed reload, in  0.995 seconds
Platform modules already initialized, skipping
Refreshing native plugins compatible for Editor in 0.48 ms, found 1 plugins.
Preloading 0 native plugins for Editor in 0.00 ms.
Unloading 1840 Unused Serialized files (Serialized files now loaded: 0)
System memory in use before: 89.8 MB.
System memory in use after: 89.8 MB.

Unloading 48 unused Assets to reduce memory usage. Loaded Objects now: 2331.
Total: 1.980100 ms (FindLiveObjects: 0.229200 ms CreateObjectMapping: 0.072400 ms MarkObjects: 1.529900 ms  DeleteObjects: 0.147100 ms)

========================================================================
Received Prepare
Registering precompiled user dll's ...
Registered in 0.017262 seconds.
Begin MonoManager ReloadAssembly
Native extension for WindowsStandalone target not found
Native extension for OSXStandalone target not found
Native extension for WebGL target not found
Refreshing native plugins compatible for Editor in 0.55 ms, found 1 plugins.
Preloading 0 native plugins for Editor in 0.00 ms.
Invoked RoslynAnalysisRunner static constructor.
RoslynAnalysisRunner will not be running.
RoslynAnalysisRunner has terminated.
Mono: successfully reloaded assembly
- Completed reload, in  0.994 seconds
Platform modules already initialized, skipping
Refreshing native plugins compatible for Editor in 0.53 ms, found 1 plugins.
Preloading 0 native plugins for Editor in 0.00 ms.
Unloading 1840 Unused Serialized files (Serialized files now loaded: 0)
System memory in use before: 89.8 MB.
System memory in use after: 89.8 MB.

Unloading 48 unused Assets to reduce memory usage. Loaded Objects now: 2335.
Total: 2.659100 ms (FindLiveObjects: 0.449000 ms CreateObjectMapping: 0.219500 ms MarkObjects: 1.738800 ms  DeleteObjects: 0.250900 ms)

========================================================================
Received Prepare
Registering precompiled user dll's ...
Registered in 0.017866 seconds.
Begin MonoManager ReloadAssembly
Native extension for WindowsStandalone target not found
Native extension for OSXStandalone target not found
Native extension for WebGL target not found
Refreshing native plugins compatible for Editor in 0.62 ms, found 1 plugins.
Preloading 0 native plugins for Editor in 0.00 ms.
Invoked RoslynAnalysisRunner static constructor.
RoslynAnalysisRunner will not be running.
RoslynAnalysisRunner has terminated.
Mono: successfully reloaded assembly
- Completed reload, in  1.013 seconds
Platform modules already initialized, skipping
Refreshing native plugins compatible for Editor in 0.49 ms, found 1 plugins.
Preloading 0 native plugins for Editor in 0.00 ms.
Unloading 1840 Unused Serialized files (Serialized files now loaded: 0)
System memory in use before: 89.8 MB.
System memory in use after: 89.8 MB.

Unloading 48 unused Assets to reduce memory usage. Loaded Objects now: 2339.
Total: 2.317300 ms (FindLiveObjects: 0.258000 ms CreateObjectMapping: 0.077700 ms MarkObjects: 1.816900 ms  DeleteObjects: 0.163700 ms)

========================================================================
Received Prepare
Registering precompiled user dll's ...
Registered in 0.020045 seconds.
Begin MonoManager ReloadAssembly
Native extension for WindowsStandalone target not found
Native extension for OSXStandalone target not found
Native extension for WebGL target not found
Refreshing native plugins compatible for Editor in 0.50 ms, found 1 plugins.
Preloading 0 native plugins for Editor in 0.00 ms.
Invoked RoslynAnalysisRunner static constructor.
RoslynAnalysisRunner will not be running.
RoslynAnalysisRunner has terminated.
Mono: successfully reloaded assembly
- Completed reload, in  1.032 seconds
Platform modules already initialized, skipping
Refreshing native plugins compatible for Editor in 0.59 ms, found 1 plugins.
Preloading 0 native plugins for Editor in 0.00 ms.
Unloading 1840 Unused Serialized files (Serialized files now loaded: 0)
System memory in use before: 89.8 MB.
System memory in use after: 89.8 MB.

Unloading 48 unused Assets to reduce memory usage. Loaded Objects now: 2343.
Total: 2.318200 ms (FindLiveObjects: 0.240700 ms CreateObjectMapping: 0.081500 ms MarkObjects: 1.827200 ms  DeleteObjects: 0.167800 ms)

========================================================================
Received Prepare
Registering precompiled user dll's ...
Registered in 0.016578 seconds.
Begin MonoManager ReloadAssembly
Native extension for WindowsStandalone target not found
Native extension for OSXStandalone target not found
Native extension for WebGL target not found
Refreshing native plugins compatible for Editor in 0.49 ms, found 1 plugins.
Preloading 0 native plugins for Editor in 0.00 ms.
Invoked RoslynAnalysisRunner static constructor.
RoslynAnalysisRunner will not be running.
RoslynAnalysisRunner has terminated.
Mono: successfully reloaded assembly
- Completed reload, in  0.996 seconds
Platform modules already initialized, skipping
Refreshing native plugins compatible for Editor in 0.51 ms, found 1 plugins.
Preloading 0 native plugins for Editor in 0.00 ms.
Unloading 1840 Unused Serialized files (Serialized files now loaded: 0)
System memory in use before: 89.8 MB.
System memory in use after: 89.8 MB.

Unloading 48 unused Assets to reduce memory usage. Loaded Objects now: 2347.
Total: 2.126000 ms (FindLiveObjects: 0.275100 ms CreateObjectMapping: 0.060500 ms MarkObjects: 1.637500 ms  DeleteObjects: 0.148000 ms)

========================================================================
Received Prepare
Registering precompiled user dll's ...
Registered in 0.016813 seconds.
Begin MonoManager ReloadAssembly
Native extension for WindowsStandalone target not found
Native extension for OSXStandalone target not found
Native extension for WebGL target not found
Refreshing native plugins compatible for Editor in 0.60 ms, found 1 plugins.
Preloading 0 native plugins for Editor in 0.00 ms.
Invoked RoslynAnalysisRunner static constructor.
RoslynAnalysisRunner will not be running.
RoslynAnalysisRunner has terminated.
Mono: successfully reloaded assembly
- Completed reload, in  1.002 seconds
Platform modules already initialized, skipping
Refreshing native plugins compatible for Editor in 0.49 ms, found 1 plugins.
Preloading 0 native plugins for Editor in 0.00 ms.
Unloading 1840 Unused Serialized files (Serialized files now loaded: 0)
System memory in use before: 89.8 MB.
System memory in use after: 89.8 MB.

Unloading 48 unused Assets to reduce memory usage. Loaded Objects now: 2351.
Total: 2.316300 ms (FindLiveObjects: 0.272400 ms CreateObjectMapping: 0.117800 ms MarkObjects: 1.809400 ms  DeleteObjects: 0.115400 ms)

========================================================================
Received Prepare
Registering precompiled user dll's ...
Registered in 0.017489 seconds.
Begin MonoManager ReloadAssembly
Native extension for WindowsStandalone target not found
Native extension for OSXStandalone target not found
Native extension for WebGL target not found
Refreshing native plugins compatible for Editor in 0.55 ms, found 1 plugins.
Preloading 0 native plugins for Editor in 0.00 ms.
Invoked RoslynAnalysisRunner static constructor.
RoslynAnalysisRunner will not be running.
RoslynAnalysisRunner has terminated.
Mono: successfully reloaded assembly
- Completed reload, in  1.059 seconds
Platform modules already initialized, skipping
Refreshing native plugins compatible for Editor in 0.51 ms, found 1 plugins.
Preloading 0 native plugins for Editor in 0.00 ms.
Unloading 1840 Unused Serialized files (Serialized files now loaded: 0)
System memory in use before: 89.9 MB.
System memory in use after: 89.8 MB.

Unloading 48 unused Assets to reduce memory usage. Loaded Objects now: 2355.
Total: 2.100100 ms (FindLiveObjects: 0.288300 ms CreateObjectMapping: 0.072700 ms MarkObjects: 1.581700 ms  DeleteObjects: 0.156400 ms)

========================================================================
Received Prepare
Registering precompiled user dll's ...
Registered in 0.018847 seconds.
Begin MonoManager ReloadAssembly
Native extension for WindowsStandalone target not found
Native extension for OSXStandalone target not found
Native extension for WebGL target not found
Refreshing native plugins compatible for Editor in 0.58 ms, found 1 plugins.
Preloading 0 native plugins for Editor in 0.00 ms.
Invoked RoslynAnalysisRunner static constructor.
RoslynAnalysisRunner will not be running.
RoslynAnalysisRunner has terminated.
Mono: successfully reloaded assembly
- Completed reload, in  0.950 seconds
Platform modules already initialized, skipping
Refreshing native plugins compatible for Editor in 0.49 ms, found 1 plugins.
Preloading 0 native plugins for Editor in 0.00 ms.
Unloading 1840 Unused Serialized files (Serialized files now loaded: 0)
System memory in use before: 89.9 MB.
System memory in use after: 89.8 MB.

Unloading 48 unused Assets to reduce memory usage. Loaded Objects now: 2359.
Total: 2.244400 ms (FindLiveObjects: 0.241700 ms CreateObjectMapping: 0.108400 ms MarkObjects: 1.785200 ms  DeleteObjects: 0.106900 ms)

AssetImportWorkerClient::OnTransportError - code=2 error=End of file
