Using pre-set license
Built from '2020.3/staging' branch; Version is '2020.3.0f1 (c7b5465681fb) revision 13088070'; Using compiler version '192528614'; Build Type 'Release'
OS: 'Windows 10 Pro; OS build 19043.1466; Version 2009; 64bit' Language: 'en' Physical Memory: 8084 MB
BatchMode: 1, IsHumanControllingUs: 0, StartBugReporterOnCrash: 0, Is64bit: 1, IsPro: 0

 COMMAND LINE ARGUMENTS:
C:\Program Files\Unity\Hub\Editor\2020.3.0f1\Editor\Unity.exe
-adb2
-batchMode
-noUpm
-name
AssetImportWorker0
-projectPath
C:/TestNethereum
-logFile
Logs/AssetImportWorker0.log
-srvPort
63457
Successfully changed project path to: C:/TestNethereum
C:/TestNethereum
Using Asset Import Pipeline V2.
Refreshing native plugins compatible for Editor in 506.80 ms, found 1 plugins.
Preloading 0 native plugins for Editor in 0.00 ms.
Initialize engine version: 2020.3.0f1 (c7b5465681fb)
[Subsystems] Discovering subsystems at path C:/Program Files/Unity/Hub/Editor/2020.3.0f1/Editor/Data/Resources/UnitySubsystems
[Subsystems] Discovering subsystems at path C:/TestNethereum/Assets
GfxDevice: creating device client; threaded=0
Direct3D:
    Version:  Direct3D 11.0 [level 11.1]
    Renderer: NVIDIA GeForce GTX 1050 (ID=0x1c8d)
    Vendor:   
    VRAM:     4019 MB
    Driver:   26.21.14.4259
Initialize mono
Mono path[0] = 'C:/Program Files/Unity/Hub/Editor/2020.3.0f1/Editor/Data/Managed'
Mono path[1] = 'C:/Program Files/Unity/Hub/Editor/2020.3.0f1/Editor/Data/MonoBleedingEdge/lib/mono/unityjit'
Mono config path = 'C:/Program Files/Unity/Hub/Editor/2020.3.0f1/Editor/Data/MonoBleedingEdge/etc'
Using monoOptions --debugger-agent=transport=dt_socket,embedding=1,server=y,suspend=n,address=127.0.0.1:56948
Begin MonoManager ReloadAssembly
Registering precompiled unity dll's ...
Register platform support module: C:/Program Files/Unity/Hub/Editor/2020.3.0f1/Editor/Data/PlaybackEngines/WebGLSupport/UnityEditor.WebGL.Extensions.dll
Register platform support module: C:/Program Files/Unity/Hub/Editor/2020.3.0f1/Editor/Data/PlaybackEngines/MacStandaloneSupport/UnityEditor.OSXStandalone.Extensions.dll
Register platform support module: C:/Program Files/Unity/Hub/Editor/2020.3.0f1/Editor/Data/PlaybackEngines/WindowsStandaloneSupport/UnityEditor.WindowsStandalone.Extensions.dll
Registered in 0.003160 seconds.
Native extension for WindowsStandalone target not found
Native extension for OSXStandalone target not found
Native extension for WebGL target not found
Refreshing native plugins compatible for Editor in 36.35 ms, found 1 plugins.
Preloading 0 native plugins for Editor in 0.00 ms.
Invoked RoslynAnalysisRunner static constructor.
RoslynAnalysisRunner will not be running.
RoslynAnalysisRunner has terminated.
Mono: successfully reloaded assembly
- Completed reload, in  3.591 seconds
Platform modules already initialized, skipping
Registering precompiled user dll's ...
Registered in 0.017628 seconds.
Begin MonoManager ReloadAssembly
Native extension for WindowsStandalone target not found
Native extension for OSXStandalone target not found
Native extension for WebGL target not found
Refreshing native plugins compatible for Editor in 38.66 ms, found 1 plugins.
Preloading 0 native plugins for Editor in 0.00 ms.
Invoked RoslynAnalysisRunner static constructor.
RoslynAnalysisRunner will not be running.
RoslynAnalysisRunner has terminated.
Mono: successfully reloaded assembly
- Completed reload, in  1.139 seconds
Platform modules already initialized, skipping
========================================================================
Worker process is ready to serve import requests
Launched and connected shader compiler UnityShaderCompiler.exe after 0.04 seconds
Refreshing native plugins compatible for Editor in 0.56 ms, found 1 plugins.
Preloading 0 native plugins for Editor in 0.00 ms.
Unloading 1845 Unused Serialized files (Serialized files now loaded: 0)
System memory in use before: 86.5 MB.
System memory in use after: 86.5 MB.

Unloading 60 unused Assets to reduce memory usage. Loaded Objects now: 2251.
Total: 2.362500 ms (FindLiveObjects: 0.319600 ms CreateObjectMapping: 0.321500 ms MarkObjects: 1.596400 ms  DeleteObjects: 0.123500 ms)

========================================================================
Received Import Request.
  path: Assets/MetaMask.cs
  artifactKey: Guid(2dcbc7389591dec49a337c357b232ad5) Importer(815301076,1909f56bfc062723c751e8b465ee728b)
Start importing Assets/MetaMask.cs using Guid(2dcbc7389591dec49a337c357b232ad5) Importer(815301076,1909f56bfc062723c751e8b465ee728b)  -> (artifact id: '1fe55c065014dfc0ecb77a860fdd3109') in 0.355781 seconds
  Import took 0.361250 seconds .

========================================================================
Received Prepare
Registering precompiled user dll's ...
Registered in 0.020957 seconds.
Begin MonoManager ReloadAssembly
Native extension for WindowsStandalone target not found
Native extension for OSXStandalone target not found
Native extension for WebGL target not found
Refreshing native plugins compatible for Editor in 0.53 ms, found 1 plugins.
Preloading 0 native plugins for Editor in 0.00 ms.
Invoked RoslynAnalysisRunner static constructor.
RoslynAnalysisRunner will not be running.
RoslynAnalysisRunner has terminated.
Mono: successfully reloaded assembly
- Completed reload, in  1.016 seconds
Platform modules already initialized, skipping
Refreshing native plugins compatible for Editor in 0.49 ms, found 1 plugins.
Preloading 0 native plugins for Editor in 0.00 ms.
Unloading 1840 Unused Serialized files (Serialized files now loaded: 0)
System memory in use before: 86.5 MB.
System memory in use after: 86.5 MB.

Unloading 48 unused Assets to reduce memory usage. Loaded Objects now: 2255.
Total: 1.967700 ms (FindLiveObjects: 0.186100 ms CreateObjectMapping: 0.053700 ms MarkObjects: 1.576700 ms  DeleteObjects: 0.150100 ms)

========================================================================
Received Import Request.
  Time since last request: 1043.279474 seconds.
  path: Assets/MetaMask.cs
  artifactKey: Guid(2dcbc7389591dec49a337c357b232ad5) Importer(815301076,1909f56bfc062723c751e8b465ee728b)
Start importing Assets/MetaMask.cs using Guid(2dcbc7389591dec49a337c357b232ad5) Importer(815301076,1909f56bfc062723c751e8b465ee728b)  -> (artifact id: '1ce51b7f7389c991123a29f55f72220d') in 0.004987 seconds
  Import took 0.007749 seconds .

========================================================================
Received Prepare
Registering precompiled user dll's ...
Registered in 0.018489 seconds.
Begin MonoManager ReloadAssembly
Native extension for WindowsStandalone target not found
Native extension for OSXStandalone target not found
Native extension for WebGL target not found
Refreshing native plugins compatible for Editor in 0.54 ms, found 1 plugins.
Preloading 0 native plugins for Editor in 0.00 ms.
Invoked RoslynAnalysisRunner static constructor.
RoslynAnalysisRunner will not be running.
RoslynAnalysisRunner has terminated.
Mono: successfully reloaded assembly
- Completed reload, in  0.994 seconds
Platform modules already initialized, skipping
Refreshing native plugins compatible for Editor in 0.54 ms, found 1 plugins.
Preloading 0 native plugins for Editor in 0.00 ms.
Unloading 1840 Unused Serialized files (Serialized files now loaded: 0)
System memory in use before: 86.5 MB.
System memory in use after: 86.5 MB.

Unloading 48 unused Assets to reduce memory usage. Loaded Objects now: 2259.
Total: 2.192100 ms (FindLiveObjects: 0.241500 ms CreateObjectMapping: 0.084900 ms MarkObjects: 1.759900 ms  DeleteObjects: 0.105100 ms)

========================================================================
Received Import Request.
  Time since last request: 122.949642 seconds.
  path: Assets/MetaMask.cs
  artifactKey: Guid(2dcbc7389591dec49a337c357b232ad5) Importer(815301076,1909f56bfc062723c751e8b465ee728b)
Start importing Assets/MetaMask.cs using Guid(2dcbc7389591dec49a337c357b232ad5) Importer(815301076,1909f56bfc062723c751e8b465ee728b)  -> (artifact id: 'eb3038413740629a8b8095f4f80a7791') in 0.004913 seconds
  Import took 0.007756 seconds .

========================================================================
Received Prepare
Registering precompiled user dll's ...
Registered in 0.017679 seconds.
Begin MonoManager ReloadAssembly
Native extension for WindowsStandalone target not found
Native extension for OSXStandalone target not found
Native extension for WebGL target not found
Refreshing native plugins compatible for Editor in 0.52 ms, found 1 plugins.
Preloading 0 native plugins for Editor in 0.00 ms.
Invoked RoslynAnalysisRunner static constructor.
RoslynAnalysisRunner will not be running.
RoslynAnalysisRunner has terminated.
Mono: successfully reloaded assembly
- Completed reload, in  1.009 seconds
Platform modules already initialized, skipping
Refreshing native plugins compatible for Editor in 0.80 ms, found 1 plugins.
Preloading 0 native plugins for Editor in 0.00 ms.
Unloading 1840 Unused Serialized files (Serialized files now loaded: 0)
System memory in use before: 86.6 MB.
System memory in use after: 86.6 MB.

Unloading 48 unused Assets to reduce memory usage. Loaded Objects now: 2263.
Total: 2.490400 ms (FindLiveObjects: 0.341300 ms CreateObjectMapping: 0.101800 ms MarkObjects: 1.934600 ms  DeleteObjects: 0.111700 ms)

========================================================================
Received Import Request.
  Time since last request: 256.085000 seconds.
  path: Assets/MetaMask.cs
  artifactKey: Guid(2dcbc7389591dec49a337c357b232ad5) Importer(815301076,1909f56bfc062723c751e8b465ee728b)
Start importing Assets/MetaMask.cs using Guid(2dcbc7389591dec49a337c357b232ad5) Importer(815301076,1909f56bfc062723c751e8b465ee728b)  -> (artifact id: '830dce124232469c2cc33f0d41dca20d') in 0.004831 seconds
  Import took 0.008195 seconds .

========================================================================
Received Prepare
Registering precompiled user dll's ...
Registered in 0.017131 seconds.
Begin MonoManager ReloadAssembly
Native extension for WindowsStandalone target not found
Native extension for OSXStandalone target not found
Native extension for WebGL target not found
Refreshing native plugins compatible for Editor in 0.83 ms, found 1 plugins.
Preloading 0 native plugins for Editor in 0.00 ms.
Invoked RoslynAnalysisRunner static constructor.
RoslynAnalysisRunner will not be running.
RoslynAnalysisRunner has terminated.
Mono: successfully reloaded assembly
- Completed reload, in  1.136 seconds
Platform modules already initialized, skipping
Refreshing native plugins compatible for Editor in 0.51 ms, found 1 plugins.
Preloading 0 native plugins for Editor in 0.00 ms.
Unloading 1840 Unused Serialized files (Serialized files now loaded: 0)
System memory in use before: 86.6 MB.
System memory in use after: 86.6 MB.

Unloading 48 unused Assets to reduce memory usage. Loaded Objects now: 2267.
Total: 2.358200 ms (FindLiveObjects: 0.291500 ms CreateObjectMapping: 0.106600 ms MarkObjects: 1.829700 ms  DeleteObjects: 0.129400 ms)

========================================================================
Received Prepare
Registering precompiled user dll's ...
Registered in 0.018477 seconds.
Begin MonoManager ReloadAssembly
Native extension for WindowsStandalone target not found
Native extension for OSXStandalone target not found
Native extension for WebGL target not found
Refreshing native plugins compatible for Editor in 0.49 ms, found 1 plugins.
Preloading 0 native plugins for Editor in 0.00 ms.
Invoked RoslynAnalysisRunner static constructor.
RoslynAnalysisRunner will not be running.
RoslynAnalysisRunner has terminated.
Mono: successfully reloaded assembly
- Completed reload, in  0.992 seconds
Platform modules already initialized, skipping
Refreshing native plugins compatible for Editor in 0.50 ms, found 1 plugins.
Preloading 0 native plugins for Editor in 0.00 ms.
Unloading 1840 Unused Serialized files (Serialized files now loaded: 0)
System memory in use before: 86.6 MB.
System memory in use after: 86.5 MB.

Unloading 48 unused Assets to reduce memory usage. Loaded Objects now: 2271.
Total: 2.395700 ms (FindLiveObjects: 0.310000 ms CreateObjectMapping: 0.088100 ms MarkObjects: 1.887600 ms  DeleteObjects: 0.108700 ms)

========================================================================
Received Import Request.
  Time since last request: 207.004441 seconds.
  path: Assets/MetaMask.cs
  artifactKey: Guid(2dcbc7389591dec49a337c357b232ad5) Importer(815301076,1909f56bfc062723c751e8b465ee728b)
Start importing Assets/MetaMask.cs using Guid(2dcbc7389591dec49a337c357b232ad5) Importer(815301076,1909f56bfc062723c751e8b465ee728b)  -> (artifact id: 'b2dd7bbb09db9e34b63c97541d5a2c9c') in 0.004688 seconds
  Import took 0.007831 seconds .

========================================================================
Received Prepare
Registering precompiled user dll's ...
Registered in 0.019333 seconds.
Begin MonoManager ReloadAssembly
Native extension for WindowsStandalone target not found
Native extension for OSXStandalone target not found
Native extension for WebGL target not found
Refreshing native plugins compatible for Editor in 0.49 ms, found 1 plugins.
Preloading 0 native plugins for Editor in 0.00 ms.
Invoked RoslynAnalysisRunner static constructor.
RoslynAnalysisRunner will not be running.
RoslynAnalysisRunner has terminated.
Mono: successfully reloaded assembly
- Completed reload, in  1.074 seconds
Platform modules already initialized, skipping
Refreshing native plugins compatible for Editor in 0.53 ms, found 1 plugins.
Preloading 0 native plugins for Editor in 0.00 ms.
Unloading 1840 Unused Serialized files (Serialized files now loaded: 0)
System memory in use before: 86.6 MB.
System memory in use after: 86.6 MB.

Unloading 48 unused Assets to reduce memory usage. Loaded Objects now: 2275.
Total: 2.328300 ms (FindLiveObjects: 0.237700 ms CreateObjectMapping: 0.118600 ms MarkObjects: 1.831300 ms  DeleteObjects: 0.139800 ms)

========================================================================
Received Prepare
Registering precompiled user dll's ...
Registered in 0.018697 seconds.
Begin MonoManager ReloadAssembly
Native extension for WindowsStandalone target not found
Native extension for OSXStandalone target not found
Native extension for WebGL target not found
Refreshing native plugins compatible for Editor in 0.50 ms, found 1 plugins.
Preloading 0 native plugins for Editor in 0.00 ms.
Invoked RoslynAnalysisRunner static constructor.
RoslynAnalysisRunner will not be running.
RoslynAnalysisRunner has terminated.
Mono: successfully reloaded assembly
- Completed reload, in  1.017 seconds
Platform modules already initialized, skipping
Refreshing native plugins compatible for Editor in 0.50 ms, found 1 plugins.
Preloading 0 native plugins for Editor in 0.00 ms.
Unloading 1840 Unused Serialized files (Serialized files now loaded: 0)
System memory in use before: 86.6 MB.
System memory in use after: 86.6 MB.

Unloading 48 unused Assets to reduce memory usage. Loaded Objects now: 2279.
Total: 2.108200 ms (FindLiveObjects: 0.218600 ms CreateObjectMapping: 0.086500 ms MarkObjects: 1.690600 ms  DeleteObjects: 0.111500 ms)

========================================================================
Received Import Request.
  Time since last request: 98.478140 seconds.
  path: Assets/MetaMask.cs
  artifactKey: Guid(2dcbc7389591dec49a337c357b232ad5) Importer(815301076,1909f56bfc062723c751e8b465ee728b)
Start importing Assets/MetaMask.cs using Guid(2dcbc7389591dec49a337c357b232ad5) Importer(815301076,1909f56bfc062723c751e8b465ee728b)  -> (artifact id: 'bb253186907638814819e33829ef21dd') in 0.009191 seconds
  Import took 0.012636 seconds .

========================================================================
Received Prepare
Registering precompiled user dll's ...
Registered in 0.017961 seconds.
Begin MonoManager ReloadAssembly
Native extension for WindowsStandalone target not found
Native extension for OSXStandalone target not found
Native extension for WebGL target not found
Refreshing native plugins compatible for Editor in 0.51 ms, found 1 plugins.
Preloading 0 native plugins for Editor in 0.00 ms.
Invoked RoslynAnalysisRunner static constructor.
RoslynAnalysisRunner will not be running.
RoslynAnalysisRunner has terminated.
Mono: successfully reloaded assembly
- Completed reload, in  1.000 seconds
Platform modules already initialized, skipping
Refreshing native plugins compatible for Editor in 0.50 ms, found 1 plugins.
Preloading 0 native plugins for Editor in 0.00 ms.
Unloading 1840 Unused Serialized files (Serialized files now loaded: 0)
System memory in use before: 86.6 MB.
System memory in use after: 86.6 MB.

Unloading 48 unused Assets to reduce memory usage. Loaded Objects now: 2283.
Total: 1.997800 ms (FindLiveObjects: 0.204600 ms CreateObjectMapping: 0.078000 ms MarkObjects: 1.605900 ms  DeleteObjects: 0.108500 ms)

========================================================================
Received Import Request.
  Time since last request: 183.084215 seconds.
  path: Assets/MetaMask.cs
  artifactKey: Guid(2dcbc7389591dec49a337c357b232ad5) Importer(815301076,1909f56bfc062723c751e8b465ee728b)
Start importing Assets/MetaMask.cs using Guid(2dcbc7389591dec49a337c357b232ad5) Importer(815301076,1909f56bfc062723c751e8b465ee728b)  -> (artifact id: '66480bf361755f8ff55e7f7dc3874da5') in 0.004929 seconds
  Import took 0.007768 seconds .

========================================================================
Received Prepare
Registering precompiled user dll's ...
Registered in 0.020263 seconds.
Begin MonoManager ReloadAssembly
Native extension for WindowsStandalone target not found
Native extension for OSXStandalone target not found
Native extension for WebGL target not found
Refreshing native plugins compatible for Editor in 0.50 ms, found 1 plugins.
Preloading 0 native plugins for Editor in 0.00 ms.
Invoked RoslynAnalysisRunner static constructor.
RoslynAnalysisRunner will not be running.
RoslynAnalysisRunner has terminated.
Mono: successfully reloaded assembly
- Completed reload, in  1.007 seconds
Platform modules already initialized, skipping
Refreshing native plugins compatible for Editor in 0.85 ms, found 1 plugins.
Preloading 0 native plugins for Editor in 0.00 ms.
Unloading 1840 Unused Serialized files (Serialized files now loaded: 0)
System memory in use before: 86.6 MB.
System memory in use after: 86.6 MB.

Unloading 48 unused Assets to reduce memory usage. Loaded Objects now: 2287.
Total: 2.180200 ms (FindLiveObjects: 0.232500 ms CreateObjectMapping: 0.111300 ms MarkObjects: 1.723100 ms  DeleteObjects: 0.112200 ms)

========================================================================
Received Import Request.
  Time since last request: 173.740410 seconds.
  path: Assets/MetaMask.cs
  artifactKey: Guid(2dcbc7389591dec49a337c357b232ad5) Importer(815301076,1909f56bfc062723c751e8b465ee728b)
Start importing Assets/MetaMask.cs using Guid(2dcbc7389591dec49a337c357b232ad5) Importer(815301076,1909f56bfc062723c751e8b465ee728b)  -> (artifact id: 'a7bec18f11f3fb25ec292325266ce5ef') in 0.005089 seconds
  Import took 0.007718 seconds .

========================================================================
Received Prepare
Registering precompiled user dll's ...
Registered in 0.019894 seconds.
Begin MonoManager ReloadAssembly
Native extension for WindowsStandalone target not found
Native extension for OSXStandalone target not found
Native extension for WebGL target not found
Refreshing native plugins compatible for Editor in 0.62 ms, found 1 plugins.
Preloading 0 native plugins for Editor in 0.00 ms.
Invoked RoslynAnalysisRunner static constructor.
RoslynAnalysisRunner will not be running.
RoslynAnalysisRunner has terminated.
Mono: successfully reloaded assembly
- Completed reload, in  0.969 seconds
Platform modules already initialized, skipping
Refreshing native plugins compatible for Editor in 0.50 ms, found 1 plugins.
Preloading 0 native plugins for Editor in 0.00 ms.
Unloading 1840 Unused Serialized files (Serialized files now loaded: 0)
System memory in use before: 86.6 MB.
System memory in use after: 86.6 MB.

Unloading 48 unused Assets to reduce memory usage. Loaded Objects now: 2291.
Total: 2.030500 ms (FindLiveObjects: 0.237000 ms CreateObjectMapping: 0.089600 ms MarkObjects: 1.554000 ms  DeleteObjects: 0.148900 ms)

========================================================================
Received Import Request.
  Time since last request: 49.131452 seconds.
  path: Assets/MetaMask.cs
  artifactKey: Guid(2dcbc7389591dec49a337c357b232ad5) Importer(815301076,1909f56bfc062723c751e8b465ee728b)
Start importing Assets/MetaMask.cs using Guid(2dcbc7389591dec49a337c357b232ad5) Importer(815301076,1909f56bfc062723c751e8b465ee728b)  -> (artifact id: '80d5b1d2826e56dde7d4f4b992123b74') in 0.005212 seconds
  Import took 0.009266 seconds .

========================================================================
Received Prepare
Registering precompiled user dll's ...
Registered in 0.018820 seconds.
Begin MonoManager ReloadAssembly
Native extension for WindowsStandalone target not found
Native extension for OSXStandalone target not found
Native extension for WebGL target not found
Refreshing native plugins compatible for Editor in 0.56 ms, found 1 plugins.
Preloading 0 native plugins for Editor in 0.00 ms.
Invoked RoslynAnalysisRunner static constructor.
RoslynAnalysisRunner will not be running.
RoslynAnalysisRunner has terminated.
Mono: successfully reloaded assembly
- Completed reload, in  0.973 seconds
Platform modules already initialized, skipping
Refreshing native plugins compatible for Editor in 0.49 ms, found 1 plugins.
Preloading 0 native plugins for Editor in 0.00 ms.
Unloading 1840 Unused Serialized files (Serialized files now loaded: 0)
System memory in use before: 86.6 MB.
System memory in use after: 86.6 MB.

Unloading 48 unused Assets to reduce memory usage. Loaded Objects now: 2295.
Total: 2.438000 ms (FindLiveObjects: 0.271100 ms CreateObjectMapping: 0.088400 ms MarkObjects: 1.961500 ms  DeleteObjects: 0.115800 ms)

========================================================================
Received Prepare
Registering precompiled user dll's ...
Registered in 0.017741 seconds.
Begin MonoManager ReloadAssembly
Native extension for WindowsStandalone target not found
Native extension for OSXStandalone target not found
Native extension for WebGL target not found
Refreshing native plugins compatible for Editor in 0.61 ms, found 1 plugins.
Preloading 0 native plugins for Editor in 0.00 ms.
Invoked RoslynAnalysisRunner static constructor.
RoslynAnalysisRunner will not be running.
RoslynAnalysisRunner has terminated.
Mono: successfully reloaded assembly
- Completed reload, in  0.981 seconds
Platform modules already initialized, skipping
Refreshing native plugins compatible for Editor in 0.58 ms, found 1 plugins.
Preloading 0 native plugins for Editor in 0.00 ms.
Unloading 1840 Unused Serialized files (Serialized files now loaded: 0)
System memory in use before: 86.6 MB.
System memory in use after: 86.6 MB.

Unloading 48 unused Assets to reduce memory usage. Loaded Objects now: 2299.
Total: 2.429900 ms (FindLiveObjects: 0.407200 ms CreateObjectMapping: 0.147100 ms MarkObjects: 1.765500 ms  DeleteObjects: 0.108900 ms)

AssetImportWorkerClient::OnTransportError - code=2 error=End of file
